<?xml version="1.0" encoding="UTF-8"?>
<!-- Generated by org.testng.reporters.JUnitReportReporter -->
<testsuite hostname="LAPTOP-PKC9PI5K" failures="0" tests="2" name="RESTAssured.DynamicJson" time="3.738" errors="0" timestamp="2023-02-22T08:48:15 IST" skipped="0">
  <testcase classname="RESTAssured.DynamicJson" name="addBook" time="3.436"/>
  <system-out/>
  <testcase classname="RESTAssured.DynamicJson" name="addBook" time="0.302"/>
  <system-out/>
</testsuite> <!-- RESTAssured.DynamicJson -->
