<?xml version="1.0" encoding="UTF-8"?>
<!-- Generated by org.testng.reporters.JUnitReportReporter -->
<testsuite hostname="LAPTOP-PKC9PI5K" failures="0" tests="1" name="RESTAssured.Sum_Validation" time="1.751" errors="0" timestamp="2023-02-17T10:33:52 IST" skipped="0">
  <testcase classname="RESTAssured.Sum_Validation" name="sumOfCourses" time="1.751"/>
  <system-out/>
</testsuite> <!-- RESTAssured.Sum_Validation -->
